c:\users\danyv\source\repos\crackingthecodinginterview\crackingthecodinginterview\debug\vc141.pdb
c:\users\danyv\source\repos\crackingthecodinginterview\crackingthecodinginterview\debug\vc141.idb
c:\users\danyv\source\repos\crackingthecodinginterview\crackingthecodinginterview\debug\testmyarray.obj
c:\users\danyv\source\repos\crackingthecodinginterview\crackingthecodinginterview\debug\stringpermutationssearch.obj
c:\users\danyv\source\repos\crackingthecodinginterview\crackingthecodinginterview\debug\myarray.obj
c:\users\danyv\source\repos\crackingthecodinginterview\crackingthecodinginterview\debug\crackingthecodinginterview.obj
c:\users\danyv\source\repos\crackingthecodinginterview\crackingthecodinginterview\debug\crackingthecodinginterview.nativecodeanalysis.xml
c:\users\danyv\source\repos\crackingthecodinginterview\crackingthecodinginterview\debug\myarray.nativecodeanalysis.xml
c:\users\danyv\source\repos\crackingthecodinginterview\crackingthecodinginterview\debug\stringpermutationssearch.nativecodeanalysis.xml
c:\users\danyv\source\repos\crackingthecodinginterview\crackingthecodinginterview\debug\testmyarray.nativecodeanalysis.xml
c:\users\danyv\source\repos\crackingthecodinginterview\debug\crackingthecodinginterview.pdb
c:\users\danyv\source\repos\crackingthecodinginterview\crackingthecodinginterview\debug\cracking.1755bdc1.tlog\cl.command.1.tlog
c:\users\danyv\source\repos\crackingthecodinginterview\crackingthecodinginterview\debug\cracking.1755bdc1.tlog\cl.read.1.tlog
c:\users\danyv\source\repos\crackingthecodinginterview\crackingthecodinginterview\debug\cracking.1755bdc1.tlog\cl.write.1.tlog
c:\users\danyv\source\repos\crackingthecodinginterview\crackingthecodinginterview\debug\cracking.1755bdc1.tlog\link-cvtres.read.1.tlog
c:\users\danyv\source\repos\crackingthecodinginterview\crackingthecodinginterview\debug\cracking.1755bdc1.tlog\link-cvtres.write.1.tlog
c:\users\danyv\source\repos\crackingthecodinginterview\crackingthecodinginterview\debug\cracking.1755bdc1.tlog\link-rc.read.1.tlog
c:\users\danyv\source\repos\crackingthecodinginterview\crackingthecodinginterview\debug\cracking.1755bdc1.tlog\link-rc.write.1.tlog
c:\users\danyv\source\repos\crackingthecodinginterview\crackingthecodinginterview\debug\cracking.1755bdc1.tlog\link.command.1.tlog
c:\users\danyv\source\repos\crackingthecodinginterview\crackingthecodinginterview\debug\cracking.1755bdc1.tlog\link.read.1.tlog
c:\users\danyv\source\repos\crackingthecodinginterview\crackingthecodinginterview\debug\cracking.1755bdc1.tlog\link.write.1.tlog
